<?xml version="1.0" encoding="UTF-8"?>
<testng-results ignored="0" total="1" passed="1" failed="0" skipped="0">
  <reporter-output>
  </reporter-output>
  <suite started-at="2021-12-14T08:45:52Z" name="Default suite" finished-at="2021-12-14T08:45:53Z" duration-ms="1782">
    <groups>
    </groups>
    <test started-at="2021-12-14T08:45:52Z" name="Default test" finished-at="2021-12-14T08:45:53Z" duration-ms="1782">
      <class name="restAPI.GetRequest">
        <test-method signature="GetCall()[pri:0, instance:restAPI.GetRequest@909217e]" started-at="2021-12-14T08:45:52Z" name="GetCall" finished-at="2021-12-14T08:45:53Z" duration-ms="1767" status="PASS">
          <reporter-output>
          </reporter-output>
        </test-method> <!-- GetCall -->
      </class> <!-- restAPI.GetRequest -->
    </test> <!-- Default test -->
  </suite> <!-- Default suite -->
</testng-results>
